sample.interval=20000
"-" "FUN" "lapply" "getMatches4" 
"-" "FUN" "lapply" "getMatches4" 
"-" "FUN" "lapply" "getMatches4" 
"-" "FUN" "lapply" "getMatches4" 
"-" "FUN" "lapply" "getMatches4" 
"-" "FUN" "lapply" "getMatches4" 
"FUN" "lapply" "getMatches4" 
"-" "FUN" "lapply" "getMatches4" 
"lapply" "getMatches4" 
"-" "FUN" "lapply" "getMatches4" 
"-" "FUN" "lapply" "getMatches4" 
"-" "FUN" "lapply" "getMatches4" 
"-" "FUN" "lapply" "getMatches4" 
"-" "FUN" "lapply" "getMatches4" 
"-" "FUN" "lapply" "getMatches4" 
"-" "FUN" "lapply" "getMatches4" 
"-" "FUN" "lapply" "getMatches4" 
"abs" "FUN" "lapply" "getMatches4" 
"-" "FUN" "lapply" "getMatches4" 
"-" "FUN" "lapply" "getMatches4" 
"-" "FUN" "lapply" "getMatches4" 
"-" "FUN" "lapply" "getMatches4" 
"-" "FUN" "lapply" "getMatches4" 
"-" "FUN" "lapply" "getMatches4" 
"lapply" "getMatches4" 
"-" "FUN" "lapply" "getMatches4" 
"-" "FUN" "lapply" "getMatches4" 
"-" "FUN" "lapply" "getMatches4" 
"-" "FUN" "lapply" "getMatches4" 
"lapply" "getMatches4" 
"-" "FUN" "lapply" "getMatches4" 
"-" "FUN" "lapply" "getMatches4" 
"-" "FUN" "lapply" "getMatches4" 
"-" "FUN" "lapply" "getMatches4" 
"-" "FUN" "lapply" "getMatches4" 
"-" "FUN" "lapply" "getMatches4" 
"-" "FUN" "lapply" "getMatches4" 
"-" "FUN" "lapply" "getMatches4" 
"-" "FUN" "lapply" "getMatches4" 
"-" "FUN" "lapply" "getMatches4" 
"-" "FUN" "lapply" "getMatches4" 
"-" "FUN" "lapply" "getMatches4" 
"-" "FUN" "lapply" "getMatches4" 
"-" "FUN" "lapply" "getMatches4" 
"-" "FUN" "lapply" "getMatches4" 
"-" "FUN" "lapply" "getMatches4" 
"-" "FUN" "lapply" "getMatches4" 
"-" "FUN" "lapply" "getMatches4" 
"-" "FUN" "lapply" "getMatches4" 
"-" "FUN" "lapply" "getMatches4" 
"-" "FUN" "lapply" "getMatches4" 
"-" "FUN" "lapply" "getMatches4" 
"-" "FUN" "lapply" "getMatches4" 
"-" "FUN" "lapply" "getMatches4" 
"-" "FUN" "lapply" "getMatches4" 
"-" "FUN" "lapply" "getMatches4" 
"-" "FUN" "lapply" "getMatches4" 
"-" "FUN" "lapply" "getMatches4" 
"-" "FUN" "lapply" "getMatches4" 
"-" "FUN" "lapply" "getMatches4" 
"-" "FUN" "lapply" "getMatches4" 
"-" "FUN" "lapply" "getMatches4" 
"-" "FUN" "lapply" "getMatches4" 
"-" "FUN" "lapply" "getMatches4" 
"-" "FUN" "lapply" "getMatches4" 
"-" "FUN" "lapply" "getMatches4" 
"-" "FUN" "lapply" "getMatches4" 
"-" "FUN" "lapply" "getMatches4" 
"-" "FUN" "lapply" "getMatches4" 
"-" "FUN" "lapply" "getMatches4" 
"-" "FUN" "lapply" "getMatches4" 
"-" "FUN" "lapply" "getMatches4" 
"-" "FUN" "lapply" "getMatches4" 
"-" "FUN" "lapply" "getMatches4" 
"-" "FUN" "lapply" "getMatches4" 
"-" "FUN" "lapply" "getMatches4" 
"-" "FUN" "lapply" "getMatches4" 
"-" "FUN" "lapply" "getMatches4" 
"-" "FUN" "lapply" "getMatches4" 
"-" "FUN" "lapply" "getMatches4" 
"-" "FUN" "lapply" "getMatches4" 
"-" "FUN" "lapply" "getMatches4" 
"-" "FUN" "lapply" "getMatches4" 
"mapply" "getMatches4" 
"mapply" "getMatches4" 
